10342140
10192481
10271656
10259573
10360136
10193251
10196081
10360249
10356635
10301503
10288416
10262987
10192180
10361023
10278153
10197468
10252099
10347131
10335660
10342849
10194885
10259955
10299665
10340165
10270378
10253154
10263601
10194145
10274270
10258406
10254738
10265536
10256068
10355348
10271386
10194814
10356842
10344959
10342615
10299560
10192923
10194349
10272801
10347137
10254328
10193701
10359110
10361224
10362018
10337567
10258934
10344090
10196339
10278048
10355043
10337359
10296937
10359185
10195006
10339233
10362496
10345827
10341669
10358056
10270709
10269834
10266350
10257727
10272975
10196726
10297620
10297904
10253608
10267344
10347264
10269982
10195578
10356353
10270740
10278058
10288383
10259314
10274517
10355297
10256477
10194464
10346939
10344987
10334014
10266075
10258012
10193136
10254114
10197074
10278927
10252163
10358074
10356300
10358302
10272044
10196004
10333875
10253167
10252472
10356168
10268754
10359606
10338062
10360019
10266059
10334933
10261993
10263756
10260434
10343624
10271104
10341690
10354430
10196082
10359178
10341108
10333965
10345855
10334029
10195535
10359285
10264798
10260100
10258292
10334876
10266770
10360341
10263737
10299724
10276181
10333511
10346912
10194033
10271497
10335635
10359955
10264520
10251754
10346518
10341809
10343654
10257130
10345037
10260788
10347824
10265801
10343785
10361943
10254419
10344110
10194362
10255439
10255833
10258123
10341918
10261694
10273809
10265525
10280000
10267292
10252490
10336724
10287955
10355812
10277692
10277373
10335788
10277124
10356800
10334091
10268021
10337239
10265557
10251621
10270151
10354930
10253128
10197478
10256202
10263705
10257021
10347653
10360716
10288340
10256242
10271631
10302438
10195236
10279166
10252027
10257344
10254112
10288504
10292558
10336326
10265048
10334176
10276368
10362398
10357546
10340919
10261552
10265960
10344271
10276112
10361733
